<?xml version="1.0" encoding="UTF-8"?>
<!-- Generated by org.testng.reporters.JUnitReportReporter -->
<testsuite skipped="0" hostname="G4XCQHG3E" name="com.qa.weatherapi.GETWeatherAPI" tests="1" failures="0" timestamp="24 Jul 2022 05:00:51 GMT" time="0.633" errors="0">
  <testcase name="TestMethod" time="0.633" classname="com.qa.weatherapi.GETWeatherAPI"/>
</testsuite> <!-- com.qa.weatherapi.GETWeatherAPI -->
